[2026-01-17 16:47:57] [runner] Started 16:47:57
[2026-01-17 16:48:21] 2026-01-17 16:48:21.4927724 [E:onnxruntime:Default, provider_bridge_ort.cc:2251 onnxruntime::TryGetProviderInfo_CUDA] E:\_work\1\s\onnxruntime\core\session\provider_bridge_ort.cc:1844 onnxruntime::ProviderLibrary::Get [ONNXRuntimeError] : 1 : FAIL : Error loading "C:\CLOUD BACKUP\My Projects\Coding and Programming\Python\tts_bot\.venv\Lib\site-packages\onnxruntime\capi\onnxruntime_providers_cuda.dll" which depends on "cublasLt64_12.dll" which is missing. (Error 126: "The specified module could not be found.")
[2026-01-17 16:48:21] 
[2026-01-17 16:48:21] 2026-01-17 16:48:21.4948985 [W:onnxruntime:Default, onnxruntime_pybind_state.cc:1013 onnxruntime::python::CreateExecutionProviderFactoryInstance] Failed to create CUDAExecutionProvider. Require cuDNN 9.* and CUDA 12.*, and the latest MSVC runtime. Please install all dependencies as mentioned in the GPU requirements page (https://onnxruntime.ai/docs/execution-providers/CUDA-ExecutionProvider.html#requirements), make sure they're in the PATH, and that your GPU is supported.
[2026-01-17 16:48:24] [runner] Exited (code=0)
[2026-01-17 16:51:08] [runner] Started 16:51:08
[2026-01-17 16:52:03] 2026-01-17 16:52:03.2136663 [E:onnxruntime:Default, provider_bridge_ort.cc:2251 onnxruntime::TryGetProviderInfo_CUDA] E:\_work\1\s\onnxruntime\core\session\provider_bridge_ort.cc:1844 onnxruntime::ProviderLibrary::Get [ONNXRuntimeError] : 1 : FAIL : Error loading "C:\CLOUD BACKUP\My Projects\Coding and Programming\Python\tts_bot\.venv\Lib\site-packages\onnxruntime\capi\onnxruntime_providers_cuda.dll" which depends on "cublasLt64_12.dll" which is missing. (Error 126: "The specified module could not be found.")
[2026-01-17 16:52:03] 
[2026-01-17 16:52:03] 2026-01-17 16:52:03.2168834 [W:onnxruntime:Default, onnxruntime_pybind_state.cc:1013 onnxruntime::python::CreateExecutionProviderFactoryInstance] Failed to create CUDAExecutionProvider. Require cuDNN 9.* and CUDA 12.*, and the latest MSVC runtime. Please install all dependencies as mentioned in the GPU requirements page (https://onnxruntime.ai/docs/execution-providers/CUDA-ExecutionProvider.html#requirements), make sure they're in the PATH, and that your GPU is supported.
[2026-01-17 16:52:09] [runner] Exited (code=0)
[2026-01-17 17:05:16] [runner] Started 17:05:16
[2026-01-17 17:05:21] [runner] Exited (code=0)
[2026-01-17 17:11:28] [runner] Started 17:11:28
[2026-01-17 17:11:33] [runner] Exited (code=0)
[2026-01-17 17:53:33] [runner] Started 17:53:33
[2026-01-17 17:53:42] [runner] Exited (code=0)
[2026-01-17 20:08:22] [runner] Started 20:08:22
[2026-01-17 20:12:27] 2026-01-17 20:12:27.7020527 [E:onnxruntime:Default, provider_bridge_ort.cc:2251 onnxruntime::TryGetProviderInfo_CUDA] E:\_work\1\s\onnxruntime\core\session\provider_bridge_ort.cc:1844 onnxruntime::ProviderLibrary::Get [ONNXRuntimeError] : 1 : FAIL : Error loading "C:\CLOUD BACKUP\My Projects\Coding and Programming\Python\tts_bot\.venv\Lib\site-packages\onnxruntime\capi\onnxruntime_providers_cuda.dll" which depends on "cublasLt64_12.dll" which is missing. (Error 126: "The specified module could not be found.")
[2026-01-17 20:12:27] 
[2026-01-17 20:12:27] 2026-01-17 20:12:27.7035463 [W:onnxruntime:Default, onnxruntime_pybind_state.cc:1013 onnxruntime::python::CreateExecutionProviderFactoryInstance] Failed to create CUDAExecutionProvider. Require cuDNN 9.* and CUDA 12.*, and the latest MSVC runtime. Please install all dependencies as mentioned in the GPU requirements page (https://onnxruntime.ai/docs/execution-providers/CUDA-ExecutionProvider.html#requirements), make sure they're in the PATH, and that your GPU is supported.
[2026-01-17 20:12:29] 2026-01-17 20:12:29.8752810 [E:onnxruntime:Default, provider_bridge_ort.cc:2251 onnxruntime::TryGetProviderInfo_CUDA] E:\_work\1\s\onnxruntime\core\session\provider_bridge_ort.cc:1844 onnxruntime::ProviderLibrary::Get [ONNXRuntimeError] : 1 : FAIL : Error loading "C:\CLOUD BACKUP\My Projects\Coding and Programming\Python\tts_bot\.venv\Lib\site-packages\onnxruntime\capi\onnxruntime_providers_cuda.dll" which depends on "cublasLt64_12.dll" which is missing. (Error 126: "The specified module could not be found.")
[2026-01-17 20:12:29] 
[2026-01-17 20:12:29] 2026-01-17 20:12:29.8772434 [W:onnxruntime:Default, onnxruntime_pybind_state.cc:1013 onnxruntime::python::CreateExecutionProviderFactoryInstance] Failed to create CUDAExecutionProvider. Require cuDNN 9.* and CUDA 12.*, and the latest MSVC runtime. Please install all dependencies as mentioned in the GPU requirements page (https://onnxruntime.ai/docs/execution-providers/CUDA-ExecutionProvider.html#requirements), make sure they're in the PATH, and that your GPU is supported.
[2026-01-17 20:13:04] 2026-01-17 20:13:04.3981127 [E:onnxruntime:Default, provider_bridge_ort.cc:2251 onnxruntime::TryGetProviderInfo_CUDA] E:\_work\1\s\onnxruntime\core\session\provider_bridge_ort.cc:1844 onnxruntime::ProviderLibrary::Get [ONNXRuntimeError] : 1 : FAIL : Error loading "C:\CLOUD BACKUP\My Projects\Coding and Programming\Python\tts_bot\.venv\Lib\site-packages\onnxruntime\capi\onnxruntime_providers_cuda.dll" which depends on "cublasLt64_12.dll" which is missing. (Error 126: "The specified module could not be found.")
[2026-01-17 20:13:04] 
[2026-01-17 20:13:04] 2026-01-17 20:13:04.3997420 [W:onnxruntime:Default, onnxruntime_pybind_state.cc:1013 onnxruntime::python::CreateExecutionProviderFactoryInstance] Failed to create CUDAExecutionProvider. Require cuDNN 9.* and CUDA 12.*, and the latest MSVC runtime. Please install all dependencies as mentioned in the GPU requirements page (https://onnxruntime.ai/docs/execution-providers/CUDA-ExecutionProvider.html#requirements), make sure they're in the PATH, and that your GPU is supported.
[2026-01-17 20:13:26] 2026-01-17 20:13:26.5559242 [E:onnxruntime:Default, provider_bridge_ort.cc:2251 onnxruntime::TryGetProviderInfo_CUDA] E:\_work\1\s\onnxruntime\core\session\provider_bridge_ort.cc:1844 onnxruntime::ProviderLibrary::Get [ONNXRuntimeError] : 1 : FAIL : Error loading "C:\CLOUD BACKUP\My Projects\Coding and Programming\Python\tts_bot\.venv\Lib\site-packages\onnxruntime\capi\onnxruntime_providers_cuda.dll" which depends on "cublasLt64_12.dll" which is missing. (Error 126: "The specified module could not be found.")
[2026-01-17 20:13:26] 
[2026-01-17 20:13:26] 2026-01-17 20:13:26.5577940 [W:onnxruntime:Default, onnxruntime_pybind_state.cc:1013 onnxruntime::python::CreateExecutionProviderFactoryInstance] Failed to create CUDAExecutionProvider. Require cuDNN 9.* and CUDA 12.*, and the latest MSVC runtime. Please install all dependencies as mentioned in the GPU requirements page (https://onnxruntime.ai/docs/execution-providers/CUDA-ExecutionProvider.html#requirements), make sure they're in the PATH, and that your GPU is supported.
[2026-01-17 20:14:59] 2026-01-17 20:14:59.9827124 [E:onnxruntime:Default, provider_bridge_ort.cc:2251 onnxruntime::TryGetProviderInfo_CUDA] E:\_work\1\s\onnxruntime\core\session\provider_bridge_ort.cc:1844 onnxruntime::ProviderLibrary::Get [ONNXRuntimeError] : 1 : FAIL : Error loading "C:\CLOUD BACKUP\My Projects\Coding and Programming\Python\tts_bot\.venv\Lib\site-packages\onnxruntime\capi\onnxruntime_providers_cuda.dll" which depends on "cublasLt64_12.dll" which is missing. (Error 126: "The specified module could not be found.")
[2026-01-17 20:14:59] 
[2026-01-17 20:14:59] 2026-01-17 20:14:59.9839980 [W:onnxruntime:Default, onnxruntime_pybind_state.cc:1013 onnxruntime::python::CreateExecutionProviderFactoryInstance] Failed to create CUDAExecutionProvider. Require cuDNN 9.* and CUDA 12.*, and the latest MSVC runtime. Please install all dependencies as mentioned in the GPU requirements page (https://onnxruntime.ai/docs/execution-providers/CUDA-ExecutionProvider.html#requirements), make sure they're in the PATH, and that your GPU is supported.
[2026-01-17 20:15:59] 2026-01-17 20:15:59.7655616 [E:onnxruntime:Default, provider_bridge_ort.cc:2251 onnxruntime::TryGetProviderInfo_CUDA] E:\_work\1\s\onnxruntime\core\session\provider_bridge_ort.cc:1844 onnxruntime::ProviderLibrary::Get [ONNXRuntimeError] : 1 : FAIL : Error loading "C:\CLOUD BACKUP\My Projects\Coding and Programming\Python\tts_bot\.venv\Lib\site-packages\onnxruntime\capi\onnxruntime_providers_cuda.dll" which depends on "cublasLt64_12.dll" which is missing. (Error 126: "The specified module could not be found.")
[2026-01-17 20:15:59] 
[2026-01-17 20:15:59] 2026-01-17 20:15:59.7670408 [W:onnxruntime:Default, onnxruntime_pybind_state.cc:1013 onnxruntime::python::CreateExecutionProviderFactoryInstance] Failed to create CUDAExecutionProvider. Require cuDNN 9.* and CUDA 12.*, and the latest MSVC runtime. Please install all dependencies as mentioned in the GPU requirements page (https://onnxruntime.ai/docs/execution-providers/CUDA-ExecutionProvider.html#requirements), make sure they're in the PATH, and that your GPU is supported.
[2026-01-17 20:16:17] 2026-01-17 20:16:17.8456522 [E:onnxruntime:Default, provider_bridge_ort.cc:2251 onnxruntime::TryGetProviderInfo_CUDA] E:\_work\1\s\onnxruntime\core\session\provider_bridge_ort.cc:1844 onnxruntime::ProviderLibrary::Get [ONNXRuntimeError] : 1 : FAIL : Error loading "C:\CLOUD BACKUP\My Projects\Coding and Programming\Python\tts_bot\.venv\Lib\site-packages\onnxruntime\capi\onnxruntime_providers_cuda.dll" which depends on "cublasLt64_12.dll" which is missing. (Error 126: "The specified module could not be found.")
[2026-01-17 20:16:17] 
[2026-01-17 20:16:17] 2026-01-17 20:16:17.8475778 [W:onnxruntime:Default, onnxruntime_pybind_state.cc:1013 onnxruntime::python::CreateExecutionProviderFactoryInstance] Failed to create CUDAExecutionProvider. Require cuDNN 9.* and CUDA 12.*, and the latest MSVC runtime. Please install all dependencies as mentioned in the GPU requirements page (https://onnxruntime.ai/docs/execution-providers/CUDA-ExecutionProvider.html#requirements), make sure they're in the PATH, and that your GPU is supported.
[2026-01-17 20:16:27] 2026-01-17 20:16:27.4348456 [E:onnxruntime:Default, provider_bridge_ort.cc:2251 onnxruntime::TryGetProviderInfo_CUDA] E:\_work\1\s\onnxruntime\core\session\provider_bridge_ort.cc:1844 onnxruntime::ProviderLibrary::Get [ONNXRuntimeError] : 1 : FAIL : Error loading "C:\CLOUD BACKUP\My Projects\Coding and Programming\Python\tts_bot\.venv\Lib\site-packages\onnxruntime\capi\onnxruntime_providers_cuda.dll" which depends on "cublasLt64_12.dll" which is missing. (Error 126: "The specified module could not be found.")
[2026-01-17 20:16:27] 
[2026-01-17 20:16:27] 2026-01-17 20:16:27.4362535 [W:onnxruntime:Default, onnxruntime_pybind_state.cc:1013 onnxruntime::python::CreateExecutionProviderFactoryInstance] Failed to create CUDAExecutionProvider. Require cuDNN 9.* and CUDA 12.*, and the latest MSVC runtime. Please install all dependencies as mentioned in the GPU requirements page (https://onnxruntime.ai/docs/execution-providers/CUDA-ExecutionProvider.html#requirements), make sure they're in the PATH, and that your GPU is supported.
[2026-01-17 20:16:42] 2026-01-17 20:16:42.9310403 [E:onnxruntime:Default, provider_bridge_ort.cc:2251 onnxruntime::TryGetProviderInfo_CUDA] E:\_work\1\s\onnxruntime\core\session\provider_bridge_ort.cc:1844 onnxruntime::ProviderLibrary::Get [ONNXRuntimeError] : 1 : FAIL : Error loading "C:\CLOUD BACKUP\My Projects\Coding and Programming\Python\tts_bot\.venv\Lib\site-packages\onnxruntime\capi\onnxruntime_providers_cuda.dll" which depends on "cublasLt64_12.dll" which is missing. (Error 126: "The specified module could not be found.")
[2026-01-17 20:16:42] 
[2026-01-17 20:16:42] 2026-01-17 20:16:42.9323083 [W:onnxruntime:Default, onnxruntime_pybind_state.cc:1013 onnxruntime::python::CreateExecutionProviderFactoryInstance] Failed to create CUDAExecutionProvider. Require cuDNN 9.* and CUDA 12.*, and the latest MSVC runtime. Please install all dependencies as mentioned in the GPU requirements page (https://onnxruntime.ai/docs/execution-providers/CUDA-ExecutionProvider.html#requirements), make sure they're in the PATH, and that your GPU is supported.
[2026-01-17 20:16:49] 2026-01-17 20:16:49.9151677 [E:onnxruntime:Default, provider_bridge_ort.cc:2251 onnxruntime::TryGetProviderInfo_CUDA] E:\_work\1\s\onnxruntime\core\session\provider_bridge_ort.cc:1844 onnxruntime::ProviderLibrary::Get [ONNXRuntimeError] : 1 : FAIL : Error loading "C:\CLOUD BACKUP\My Projects\Coding and Programming\Python\tts_bot\.venv\Lib\site-packages\onnxruntime\capi\onnxruntime_providers_cuda.dll" which depends on "cublasLt64_12.dll" which is missing. (Error 126: "The specified module could not be found.")
[2026-01-17 20:16:49] 
[2026-01-17 20:16:49] 2026-01-17 20:16:49.9168763 [W:onnxruntime:Default, onnxruntime_pybind_state.cc:1013 onnxruntime::python::CreateExecutionProviderFactoryInstance] Failed to create CUDAExecutionProvider. Require cuDNN 9.* and CUDA 12.*, and the latest MSVC runtime. Please install all dependencies as mentioned in the GPU requirements page (https://onnxruntime.ai/docs/execution-providers/CUDA-ExecutionProvider.html#requirements), make sure they're in the PATH, and that your GPU is supported.
[2026-01-17 20:19:50] 2026-01-17 20:19:50.9300813 [E:onnxruntime:Default, provider_bridge_ort.cc:2251 onnxruntime::TryGetProviderInfo_CUDA] E:\_work\1\s\onnxruntime\core\session\provider_bridge_ort.cc:1844 onnxruntime::ProviderLibrary::Get [ONNXRuntimeError] : 1 : FAIL : Error loading "C:\CLOUD BACKUP\My Projects\Coding and Programming\Python\tts_bot\.venv\Lib\site-packages\onnxruntime\capi\onnxruntime_providers_cuda.dll" which depends on "cublasLt64_12.dll" which is missing. (Error 126: "The specified module could not be found.")
[2026-01-17 20:19:50] 
[2026-01-17 20:19:50] 2026-01-17 20:19:50.9313834 [W:onnxruntime:Default, onnxruntime_pybind_state.cc:1013 onnxruntime::python::CreateExecutionProviderFactoryInstance] Failed to create CUDAExecutionProvider. Require cuDNN 9.* and CUDA 12.*, and the latest MSVC runtime. Please install all dependencies as mentioned in the GPU requirements page (https://onnxruntime.ai/docs/execution-providers/CUDA-ExecutionProvider.html#requirements), make sure they're in the PATH, and that your GPU is supported.
[2026-01-17 20:35:07] [runner] Exited (code=0)
[2026-01-17 23:50:50] [runner] Started 23:50:50
[2026-01-17 23:50:56] [runner] Exited (code=0)
[2026-01-17 23:55:17] [runner] Started 23:55:17
[2026-01-17 23:55:19] [runner] Exited (code=0)
[2026-01-17 23:56:25] [runner] Started 23:56:25
[2026-01-17 23:56:28] [runner] Exited (code=0)
[2026-01-18 01:48:54] [runner] Started 01:48:54
[2026-01-18 01:49:12] [runner] Exited (code=0)
[2026-01-18 02:04:31] [runner] Started 02:04:31
[2026-01-18 02:04:35] 2026-01-18 02:04:35.7127970 [E:onnxruntime:Default, provider_bridge_ort.cc:2251 onnxruntime::TryGetProviderInfo_CUDA] E:\_work\1\s\onnxruntime\core\session\provider_bridge_ort.cc:1844 onnxruntime::ProviderLibrary::Get [ONNXRuntimeError] : 1 : FAIL : Error loading "C:\CLOUD BACKUP\My Projects\Coding and Programming\Python\tts_bot\.venv\Lib\site-packages\onnxruntime\capi\onnxruntime_providers_cuda.dll" which depends on "cublasLt64_12.dll" which is missing. (Error 126: "The specified module could not be found.")
[2026-01-18 02:04:35] 
[2026-01-18 02:04:35] 2026-01-18 02:04:35.7149498 [W:onnxruntime:Default, onnxruntime_pybind_state.cc:1013 onnxruntime::python::CreateExecutionProviderFactoryInstance] Failed to create CUDAExecutionProvider. Require cuDNN 9.* and CUDA 12.*, and the latest MSVC runtime. Please install all dependencies as mentioned in the GPU requirements page (https://onnxruntime.ai/docs/execution-providers/CUDA-ExecutionProvider.html#requirements), make sure they're in the PATH, and that your GPU is supported.
[2026-01-18 02:04:40] [runner] Exited (code=0)
[2026-01-18 02:10:12] [runner] Started 02:10:12
[2026-01-18 02:10:31] [runner] Exited (code=0)
